0 verbose cli /usr/bin/node /usr/bin/npm
1 info using npm@9.2.0
2 info using node@v18.19.1
3 timing npm:load:whichnode Completed in 1ms
4 timing config:load:defaults Completed in 3ms
5 timing config:load:file:/usr/share/nodejs/npm/npmrc Completed in 4ms
6 timing config:load:builtin Completed in 4ms
7 timing config:load:cli Completed in 3ms
8 timing config:load:env Completed in 1ms
9 timing config:load:file:/root/wanaonifoundation/.npmrc Completed in 0ms
10 timing config:load:project Completed in 2ms
11 timing config:load:file:/root/.npmrc Completed in 0ms
12 timing config:load:user Completed in 1ms
13 timing config:load:file:/etc/npmrc Completed in 0ms
14 timing config:load:global Completed in 0ms
15 timing config:load:setEnvs Completed in 2ms
16 timing config:load Completed in 16ms
17 timing npm:load:configload Completed in 16ms
18 timing npm:load:mkdirpcache Completed in 0ms
19 timing npm:load:mkdirplogs Completed in 1ms
20 verbose title npm init
21 verbose argv "init" "--yes"
22 timing npm:load:setTitle Completed in 2ms
23 timing config:load:flatten Completed in 5ms
24 timing npm:load:display Completed in 6ms
25 verbose logfile logs-max:10 dir:/root/.npm/_logs/2024-10-22T16_16_03_463Z-
26 verbose logfile /root/.npm/_logs/2024-10-22T16_16_03_463Z-debug-0.log
27 timing npm:load:logFile Completed in 10ms
28 timing npm:load:timers Completed in 0ms
29 timing npm:load:configScope Completed in 0ms
30 timing npm:load Completed in 37ms
31 silly logfile done cleaning log files
32 timing config:load:flatten Completed in 0ms
33 silly package data {
33 silly package data   name: 'wanaonifoundation',
33 silly package data   version: '1.0.0',
33 silly package data   main: 'index.js',
33 silly package data   scripts: { test: 'echo "Error: no test specified" && exit 1' },
33 silly package data   keywords: [],
33 silly package data   author: '',
33 silly package data   license: 'ISC',
33 silly package data   dependencies: { express: '^4.21.1' },
33 silly package data   devDependencies: {},
33 silly package data   description: '',
33 silly package data   [Symbol(newline)]: '\n',
33 silly package data   [Symbol(indent)]: '  '
33 silly package data }
34 info init written successfully
35 timing command:init Completed in 47ms
36 verbose exit 0
37 timing npm Completed in 118ms
38 info ok
