0 verbose cli /usr/bin/node /usr/bin/npm
1 info using npm@9.2.0
2 info using node@v18.19.1
3 timing npm:load:whichnode Completed in 0ms
4 timing config:load:defaults Completed in 2ms
5 timing config:load:file:/usr/share/nodejs/npm/npmrc Completed in 5ms
6 timing config:load:builtin Completed in 6ms
7 timing config:load:cli Completed in 4ms
8 timing config:load:env Completed in 1ms
9 timing config:load:file:/root/wanaonifoundation/myapp/.npmrc Completed in 0ms
10 timing config:load:project Completed in 8ms
11 timing config:load:file:/root/.npmrc Completed in 1ms
12 timing config:load:user Completed in 1ms
13 timing config:load:file:/etc/npmrc Completed in 1ms
14 timing config:load:global Completed in 1ms
15 timing config:load:setEnvs Completed in 1ms
16 timing config:load Completed in 25ms
17 timing npm:load:configload Completed in 25ms
18 timing npm:load:mkdirpcache Completed in 1ms
19 timing npm:load:mkdirplogs Completed in 2ms
20 verbose title npm init
21 verbose argv "init" "--yes"
22 timing npm:load:setTitle Completed in 2ms
23 timing config:load:flatten Completed in 4ms
24 timing npm:load:display Completed in 6ms
25 verbose logfile logs-max:10 dir:/root/.npm/_logs/2024-10-22T18_41_17_194Z-
26 verbose logfile /root/.npm/_logs/2024-10-22T18_41_17_194Z-debug-0.log
27 timing npm:load:logFile Completed in 12ms
28 timing npm:load:timers Completed in 0ms
29 timing npm:load:configScope Completed in 0ms
30 timing npm:load Completed in 49ms
31 silly logfile done cleaning log files
32 timing config:load:flatten Completed in 0ms
33 silly package data {
33 silly package data   name: 'myapp',
33 silly package data   private: true,
33 silly package data   dependencies: {
33 silly package data     '@rails/actioncable': '^6.0.0',
33 silly package data     '@rails/activestorage': '^6.0.0',
33 silly package data     '@rails/ujs': '^6.0.0',
33 silly package data     '@rails/webpacker': '5.4.4',
33 silly package data     turbolinks: '^5.2.0',
33 silly package data     webpack: '^4.46.0',
33 silly package data     'webpack-cli': '^3.3.12'
33 silly package data   },
33 silly package data   version: '0.1.0',
33 silly package data   devDependencies: { 'webpack-dev-server': '^3' },
33 silly package data   description: 'This README would normally document whatever steps are necessary to get the application up and running.',
33 silly package data   main: 'babel.config.js',
33 silly package data   directories: { lib: 'lib', test: 'test' },
33 silly package data   scripts: { test: 'echo "Error: no test specified" && exit 1' },
33 silly package data   repository: {
33 silly package data     type: 'git',
33 silly package data     url: 'git+https://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@github.com/wanaonimichael/wanaoni-foundation.git'
33 silly package data   },
33 silly package data   keywords: [],
33 silly package data   author: '',
33 silly package data   license: 'ISC',
33 silly package data   bugs: {
33 silly package data     url: 'https://github.com/wanaonimichael/wanaoni-foundation/issues'
33 silly package data   },
33 silly package data   homepage: 'https://github.com/wanaonimichael/wanaoni-foundation#readme',
33 silly package data   [Symbol(newline)]: '\n',
33 silly package data   [Symbol(indent)]: '  '
33 silly package data }
34 info init written successfully
35 timing command:init Completed in 53ms
36 verbose exit 0
37 timing npm Completed in 145ms
38 info ok
