0 verbose cli /usr/bin/node /usr/bin/npm
1 info using npm@9.2.0
2 info using node@v18.19.1
3 timing npm:load:whichnode Completed in 1ms
4 timing config:load:defaults Completed in 2ms
5 timing config:load:file:/usr/share/nodejs/npm/npmrc Completed in 3ms
6 timing config:load:builtin Completed in 3ms
7 timing config:load:cli Completed in 2ms
8 timing config:load:env Completed in 1ms
9 timing config:load:file:/root/wanaonifoundation/.npmrc Completed in 1ms
10 timing config:load:project Completed in 3ms
11 timing config:load:file:/root/.npmrc Completed in 0ms
12 timing config:load:user Completed in 1ms
13 timing config:load:file:/etc/npmrc Completed in 0ms
14 timing config:load:global Completed in 0ms
15 timing config:load:setEnvs Completed in 1ms
16 timing config:load Completed in 15ms
17 timing npm:load:configload Completed in 15ms
18 timing npm:load:mkdirpcache Completed in 1ms
19 timing npm:load:mkdirplogs Completed in 0ms
20 verbose title npm install express
21 verbose argv "install" "express"
22 timing npm:load:setTitle Completed in 2ms
23 timing config:load:flatten Completed in 4ms
24 timing npm:load:display Completed in 6ms
25 verbose logfile logs-max:10 dir:/root/.npm/_logs/2024-10-22T16_04_37_010Z-
26 verbose logfile /root/.npm/_logs/2024-10-22T16_04_37_010Z-debug-0.log
27 timing npm:load:logFile Completed in 10ms
28 timing npm:load:timers Completed in 0ms
29 timing npm:load:configScope Completed in 0ms
30 timing npm:load Completed in 35ms
31 silly logfile done cleaning log files
32 timing config:load:flatten Completed in 0ms
33 timing arborist:ctor Completed in 1ms
34 timing arborist:ctor Completed in 0ms
35 timing idealTree:init Completed in 20ms
36 timing idealTree:userRequests Completed in 5ms
37 silly idealTree buildDeps
38 silly fetch manifest express@*
39 http fetch GET 200 https://registry.npmjs.org/express 575ms (cache miss)
40 silly placeDep ROOT express@4.21.1 OK for: wanaonifoundation@1.0.0 want: *
41 silly fetch manifest qs@6.13.0
42 silly fetch manifest depd@2.0.0
43 silly fetch manifest etag@~1.8.1
44 silly fetch manifest send@0.19.0
45 silly fetch manifest vary@~1.1.2
46 silly fetch manifest debug@2.6.9
47 silly fetch manifest fresh@0.5.2
48 silly fetch manifest cookie@0.7.1
49 silly fetch manifest accepts@~1.3.8
50 silly fetch manifest methods@~1.1.2
51 silly fetch manifest type-is@~1.6.18
52 silly fetch manifest parseurl@~1.3.3
53 silly fetch manifest statuses@2.0.1
54 silly fetch manifest encodeurl@~2.0.0
55 silly fetch manifest proxy-addr@~2.0.7
56 silly fetch manifest body-parser@1.20.3
57 silly fetch manifest escape-html@~1.0.3
58 silly fetch manifest http-errors@2.0.0
59 silly fetch manifest on-finished@2.4.1
60 silly fetch manifest safe-buffer@5.2.1
61 silly fetch manifest utils-merge@1.0.1
62 silly fetch manifest content-type@~1.0.4
63 silly fetch manifest finalhandler@1.3.1
64 silly fetch manifest range-parser@~1.2.1
65 silly fetch manifest serve-static@1.16.2
66 silly fetch manifest array-flatten@1.1.1
67 silly fetch manifest path-to-regexp@0.1.10
68 silly fetch manifest setprototypeof@1.2.0
69 silly fetch manifest cookie-signature@1.0.6
70 silly fetch manifest merge-descriptors@1.0.3
71 silly fetch manifest content-disposition@0.5.4
72 http fetch GET 200 https://registry.npmjs.org/qs 156ms (cache miss)
73 http fetch GET 200 https://registry.npmjs.org/body-parser 244ms (cache miss)
74 http fetch GET 200 https://registry.npmjs.org/send 358ms (cache miss)
75 http fetch GET 200 https://registry.npmjs.org/etag 412ms (cache miss)
76 http fetch GET 200 https://registry.npmjs.org/vary 416ms (cache miss)
77 http fetch GET 200 https://registry.npmjs.org/depd 427ms (cache miss)
78 http fetch GET 200 https://registry.npmjs.org/fresh 427ms (cache miss)
79 http fetch GET 200 https://registry.npmjs.org/methods 431ms (cache miss)
80 http fetch GET 200 https://registry.npmjs.org/parseurl 430ms (cache miss)
81 http fetch GET 200 https://registry.npmjs.org/statuses 436ms (cache miss)
82 http fetch GET 200 https://registry.npmjs.org/escape-html 435ms (cache miss)
83 http fetch GET 200 https://registry.npmjs.org/type-is 443ms (cache miss)
84 http fetch GET 200 https://registry.npmjs.org/encodeurl 443ms (cache miss)
85 http fetch GET 200 https://registry.npmjs.org/utils-merge 452ms (cache miss)
86 http fetch GET 200 https://registry.npmjs.org/accepts 463ms (cache miss)
87 http fetch GET 200 https://registry.npmjs.org/on-finished 457ms (cache miss)
88 http fetch GET 200 https://registry.npmjs.org/proxy-addr 461ms (cache miss)
89 http fetch GET 200 https://registry.npmjs.org/content-type 457ms (cache miss)
90 http fetch GET 200 https://registry.npmjs.org/cookie 469ms (cache miss)
91 http fetch GET 200 https://registry.npmjs.org/safe-buffer 463ms (cache miss)
92 http fetch GET 200 https://registry.npmjs.org/http-errors 468ms (cache miss)
93 http fetch GET 200 https://registry.npmjs.org/range-parser 464ms (cache miss)
94 http fetch GET 200 https://registry.npmjs.org/finalhandler 469ms (cache miss)
95 http fetch GET 200 https://registry.npmjs.org/setprototypeof 468ms (cache miss)
96 http fetch GET 200 https://registry.npmjs.org/array-flatten 473ms (cache miss)
97 http fetch GET 200 https://registry.npmjs.org/cookie-signature 472ms (cache miss)
98 http fetch GET 200 https://registry.npmjs.org/merge-descriptors 468ms (cache miss)
99 http fetch GET 200 https://registry.npmjs.org/debug 493ms (cache miss)
100 http fetch GET 200 https://registry.npmjs.org/content-disposition 469ms (cache miss)
101 http fetch GET 200 https://registry.npmjs.org/path-to-regexp 480ms (cache miss)
102 http fetch GET 200 https://registry.npmjs.org/serve-static 597ms (cache miss)
103 timing idealTree:#root Completed in 1220ms
104 silly placeDep ROOT accepts@1.3.8 OK for: express@4.21.1 want: ~1.3.8
105 silly placeDep ROOT array-flatten@1.1.1 OK for: express@4.21.1 want: 1.1.1
106 silly placeDep ROOT body-parser@1.20.3 OK for: express@4.21.1 want: 1.20.3
107 silly placeDep ROOT content-disposition@0.5.4 OK for: express@4.21.1 want: 0.5.4
108 silly placeDep ROOT content-type@1.0.5 OK for: express@4.21.1 want: ~1.0.4
109 silly placeDep ROOT cookie@0.7.1 OK for: express@4.21.1 want: 0.7.1
110 silly placeDep ROOT cookie-signature@1.0.6 OK for: express@4.21.1 want: 1.0.6
111 silly placeDep ROOT debug@2.6.9 OK for: express@4.21.1 want: 2.6.9
112 silly placeDep ROOT depd@2.0.0 OK for: express@4.21.1 want: 2.0.0
113 silly placeDep ROOT encodeurl@2.0.0 OK for: express@4.21.1 want: ~2.0.0
114 silly placeDep ROOT escape-html@1.0.3 OK for: express@4.21.1 want: ~1.0.3
115 silly placeDep ROOT etag@1.8.1 OK for: express@4.21.1 want: ~1.8.1
116 silly placeDep ROOT finalhandler@1.3.1 OK for: express@4.21.1 want: 1.3.1
117 silly placeDep ROOT fresh@0.5.2 OK for: express@4.21.1 want: 0.5.2
118 silly placeDep ROOT http-errors@2.0.0 OK for: express@4.21.1 want: 2.0.0
119 silly placeDep ROOT merge-descriptors@1.0.3 OK for: express@4.21.1 want: 1.0.3
120 silly placeDep ROOT methods@1.1.2 OK for: express@4.21.1 want: ~1.1.2
121 silly placeDep ROOT on-finished@2.4.1 OK for: express@4.21.1 want: 2.4.1
122 silly placeDep ROOT parseurl@1.3.3 OK for: express@4.21.1 want: ~1.3.3
123 silly placeDep ROOT path-to-regexp@0.1.10 OK for: express@4.21.1 want: 0.1.10
124 silly placeDep ROOT proxy-addr@2.0.7 OK for: express@4.21.1 want: ~2.0.7
125 silly placeDep ROOT qs@6.13.0 OK for: express@4.21.1 want: 6.13.0
126 silly placeDep ROOT range-parser@1.2.1 OK for: express@4.21.1 want: ~1.2.1
127 silly placeDep ROOT safe-buffer@5.2.1 OK for: express@4.21.1 want: 5.2.1
128 silly placeDep ROOT send@0.19.0 OK for: express@4.21.1 want: 0.19.0
129 silly placeDep ROOT serve-static@1.16.2 OK for: express@4.21.1 want: 1.16.2
130 silly placeDep ROOT setprototypeof@1.2.0 OK for: express@4.21.1 want: 1.2.0
131 silly placeDep ROOT statuses@2.0.1 OK for: express@4.21.1 want: 2.0.1
132 silly placeDep ROOT type-is@1.6.18 OK for: express@4.21.1 want: ~1.6.18
133 silly placeDep ROOT utils-merge@1.0.1 OK for: express@4.21.1 want: 1.0.1
134 silly placeDep ROOT vary@1.1.2 OK for: express@4.21.1 want: ~1.1.2
135 silly fetch manifest mime-types@~2.1.34
136 silly fetch manifest negotiator@0.6.3
137 silly fetch manifest bytes@3.1.2
138 silly fetch manifest unpipe@1.0.0
139 silly fetch manifest destroy@1.2.0
140 silly fetch manifest raw-body@2.5.2
141 silly fetch manifest iconv-lite@0.4.24
142 silly fetch manifest ms@2.0.0
143 silly fetch manifest unpipe@~1.0.0
144 silly fetch manifest inherits@2.0.4
145 silly fetch manifest toidentifier@1.0.1
146 silly fetch manifest ee-first@1.1.1
147 silly fetch manifest forwarded@0.2.0
148 silly fetch manifest ipaddr.js@1.9.1
149 silly fetch manifest side-channel@^1.0.6
150 silly fetch manifest ms@2.1.3
151 silly fetch manifest mime@1.6.0
152 silly fetch manifest encodeurl@~1.0.2
153 silly fetch manifest mime-types@~2.1.24
154 silly fetch manifest media-typer@0.3.0
155 http fetch GET 200 https://registry.npmjs.org/toidentifier 203ms (cache miss)
156 http fetch GET 200 https://registry.npmjs.org/inherits 215ms (cache miss)
157 http fetch GET 200 https://registry.npmjs.org/destroy 228ms (cache miss)
158 http fetch GET 200 https://registry.npmjs.org/unpipe 224ms (cache miss)
159 http fetch GET 200 https://registry.npmjs.org/bytes 234ms (cache miss)
160 http fetch GET 200 https://registry.npmjs.org/unpipe 234ms (cache miss)
161 http fetch GET 200 https://registry.npmjs.org/ee-first 230ms (cache miss)
162 http fetch GET 200 https://registry.npmjs.org/forwarded 230ms (cache miss)
163 http fetch GET 200 https://registry.npmjs.org/negotiator 244ms (cache miss)
164 http fetch GET 200 https://registry.npmjs.org/side-channel 225ms (cache miss)
165 http fetch GET 200 https://registry.npmjs.org/ipaddr.js 233ms (cache miss)
166 http fetch GET 200 https://registry.npmjs.org/iconv-lite 244ms (cache miss)
167 http fetch GET 200 https://registry.npmjs.org/ms 246ms (cache miss)
168 http fetch GET 200 https://registry.npmjs.org/raw-body 250ms (cache miss)
169 http fetch GET 200 https://registry.npmjs.org/ms 236ms (cache miss)
170 http fetch GET 200 https://registry.npmjs.org/mime-types 260ms (cache miss)
171 http fetch GET 200 https://registry.npmjs.org/media-typer 238ms (cache miss)
172 http fetch GET 200 https://registry.npmjs.org/mime 243ms (cache miss)
173 http fetch GET 200 https://registry.npmjs.org/mime-types 263ms (cache miss)
174 timing idealTree:node_modules/express Completed in 375ms
175 silly placeDep ROOT mime-types@2.1.35 OK for: accepts@1.3.8 want: ~2.1.34
176 silly placeDep ROOT negotiator@0.6.3 OK for: accepts@1.3.8 want: 0.6.3
177 silly fetch manifest mime-db@1.52.0
178 http fetch GET 200 https://registry.npmjs.org/mime-db 124ms (cache miss)
179 timing idealTree:node_modules/accepts Completed in 131ms
180 timing idealTree:node_modules/array-flatten Completed in 0ms
181 silly placeDep ROOT bytes@3.1.2 OK for: body-parser@1.20.3 want: 3.1.2
182 silly placeDep ROOT destroy@1.2.0 OK for: body-parser@1.20.3 want: 1.2.0
183 silly placeDep ROOT iconv-lite@0.4.24 OK for: body-parser@1.20.3 want: 0.4.24
184 silly placeDep ROOT raw-body@2.5.2 OK for: body-parser@1.20.3 want: 2.5.2
185 silly placeDep ROOT unpipe@1.0.0 OK for: body-parser@1.20.3 want: 1.0.0
186 silly fetch manifest safer-buffer@>= 2.1.2 < 3
187 http fetch GET 200 https://registry.npmjs.org/safer-buffer 125ms (cache miss)
188 timing idealTree:node_modules/body-parser Completed in 137ms
189 timing idealTree:node_modules/bytes Completed in 0ms
190 timing idealTree:node_modules/content-disposition Completed in 0ms
191 timing idealTree:node_modules/content-type Completed in 0ms
192 timing idealTree:node_modules/cookie Completed in 0ms
193 timing idealTree:node_modules/cookie-signature Completed in 0ms
194 silly placeDep ROOT ms@2.0.0 OK for: debug@2.6.9 want: 2.0.0
195 timing idealTree:node_modules/debug Completed in 4ms
196 timing idealTree:node_modules/depd Completed in 0ms
197 timing idealTree:node_modules/destroy Completed in 1ms
198 timing idealTree:node_modules/encodeurl Completed in 0ms
199 timing idealTree:node_modules/escape-html Completed in 0ms
200 timing idealTree:node_modules/etag Completed in 0ms
201 timing idealTree:node_modules/finalhandler Completed in 0ms
202 timing idealTree:node_modules/fresh Completed in 0ms
203 silly placeDep ROOT inherits@2.0.4 OK for: http-errors@2.0.0 want: 2.0.4
204 silly placeDep ROOT toidentifier@1.0.1 OK for: http-errors@2.0.0 want: 1.0.1
205 timing idealTree:node_modules/http-errors Completed in 4ms
206 silly placeDep ROOT safer-buffer@2.1.2 OK for: iconv-lite@0.4.24 want: >= 2.1.2 < 3
207 timing idealTree:node_modules/iconv-lite Completed in 3ms
208 timing idealTree:node_modules/inherits Completed in 0ms
209 timing idealTree:node_modules/merge-descriptors Completed in 0ms
210 timing idealTree:node_modules/methods Completed in 0ms
211 silly placeDep ROOT mime-db@1.52.0 OK for: mime-types@2.1.35 want: 1.52.0
212 timing idealTree:node_modules/mime-types Completed in 2ms
213 timing idealTree:node_modules/mime-db Completed in 0ms
214 timing idealTree:node_modules/ms Completed in 0ms
215 timing idealTree:node_modules/negotiator Completed in 0ms
216 silly placeDep ROOT ee-first@1.1.1 OK for: on-finished@2.4.1 want: 1.1.1
217 timing idealTree:node_modules/on-finished Completed in 3ms
218 timing idealTree:node_modules/ee-first Completed in 0ms
219 timing idealTree:node_modules/parseurl Completed in 0ms
220 timing idealTree:node_modules/path-to-regexp Completed in 0ms
221 silly placeDep ROOT forwarded@0.2.0 OK for: proxy-addr@2.0.7 want: 0.2.0
222 silly placeDep ROOT ipaddr.js@1.9.1 OK for: proxy-addr@2.0.7 want: 1.9.1
223 timing idealTree:node_modules/proxy-addr Completed in 2ms
224 timing idealTree:node_modules/forwarded Completed in 0ms
225 timing idealTree:node_modules/ipaddr.js Completed in 0ms
226 silly placeDep ROOT side-channel@1.0.6 OK for: qs@6.13.0 want: ^1.0.6
227 silly fetch manifest call-bind@^1.0.7
228 silly fetch manifest es-errors@^1.3.0
229 silly fetch manifest get-intrinsic@^1.2.4
230 silly fetch manifest object-inspect@^1.13.1
231 http fetch GET 200 https://registry.npmjs.org/call-bind 109ms (cache miss)
232 http fetch GET 200 https://registry.npmjs.org/es-errors 116ms (cache miss)
233 http fetch GET 200 https://registry.npmjs.org/object-inspect 118ms (cache miss)
234 http fetch GET 200 https://registry.npmjs.org/get-intrinsic 121ms (cache miss)
235 timing idealTree:node_modules/qs Completed in 126ms
236 timing idealTree:node_modules/range-parser Completed in 0ms
237 timing idealTree:node_modules/raw-body Completed in 0ms
238 timing idealTree:node_modules/safe-buffer Completed in 0ms
239 timing idealTree:node_modules/safer-buffer Completed in 0ms
240 silly placeDep node_modules/send encodeurl@1.0.2 OK for: send@0.19.0 want: ~1.0.2
241 silly placeDep ROOT mime@1.6.0 OK for: send@0.19.0 want: 1.6.0
242 silly placeDep node_modules/send ms@2.1.3 OK for: send@0.19.0 want: 2.1.3
243 timing idealTree:node_modules/send Completed in 8ms
244 timing idealTree:node_modules/mime Completed in 0ms
245 timing idealTree:node_modules/serve-static Completed in 0ms
246 timing idealTree:node_modules/setprototypeof Completed in 0ms
247 silly placeDep ROOT call-bind@1.0.7 OK for: side-channel@1.0.6 want: ^1.0.7
248 silly placeDep ROOT es-errors@1.3.0 OK for: side-channel@1.0.6 want: ^1.3.0
249 silly placeDep ROOT get-intrinsic@1.2.4 OK for: side-channel@1.0.6 want: ^1.2.4
250 silly placeDep ROOT object-inspect@1.13.2 OK for: side-channel@1.0.6 want: ^1.13.1
251 silly fetch manifest es-define-property@^1.0.0
252 silly fetch manifest function-bind@^1.1.2
253 silly fetch manifest set-function-length@^1.2.1
254 silly fetch manifest has-proto@^1.0.1
255 silly fetch manifest has-symbols@^1.0.3
256 silly fetch manifest hasown@^2.0.0
257 http fetch GET 200 https://registry.npmjs.org/es-define-property 121ms (cache miss)
258 http fetch GET 200 https://registry.npmjs.org/has-proto 120ms (cache miss)
259 http fetch GET 200 https://registry.npmjs.org/set-function-length 123ms (cache miss)
260 http fetch GET 200 https://registry.npmjs.org/hasown 120ms (cache miss)
261 http fetch GET 200 https://registry.npmjs.org/function-bind 127ms (cache miss)
262 http fetch GET 200 https://registry.npmjs.org/has-symbols 132ms (cache miss)
263 timing idealTree:node_modules/side-channel Completed in 147ms
264 silly placeDep ROOT es-define-property@1.0.0 OK for: call-bind@1.0.7 want: ^1.0.0
265 silly placeDep ROOT function-bind@1.1.2 OK for: call-bind@1.0.7 want: ^1.1.2
266 silly placeDep ROOT set-function-length@1.2.2 OK for: call-bind@1.0.7 want: ^1.2.1
267 silly fetch manifest define-data-property@^1.1.4
268 silly fetch manifest gopd@^1.0.1
269 silly fetch manifest has-property-descriptors@^1.0.2
270 http fetch GET 200 https://registry.npmjs.org/gopd 109ms (cache miss)
271 http fetch GET 200 https://registry.npmjs.org/has-property-descriptors 111ms (cache miss)
272 http fetch GET 200 https://registry.npmjs.org/define-data-property 113ms (cache miss)
273 timing idealTree:node_modules/call-bind Completed in 120ms
274 timing idealTree:node_modules/es-define-property Completed in 0ms
275 timing idealTree:node_modules/es-errors Completed in 0ms
276 timing idealTree:node_modules/function-bind Completed in 0ms
277 silly placeDep ROOT has-proto@1.0.3 OK for: get-intrinsic@1.2.4 want: ^1.0.1
278 silly placeDep ROOT has-symbols@1.0.3 OK for: get-intrinsic@1.2.4 want: ^1.0.3
279 silly placeDep ROOT hasown@2.0.2 OK for: get-intrinsic@1.2.4 want: ^2.0.0
280 timing idealTree:node_modules/get-intrinsic Completed in 7ms
281 timing idealTree:node_modules/has-proto Completed in 0ms
282 timing idealTree:node_modules/has-symbols Completed in 0ms
283 timing idealTree:node_modules/hasown Completed in 0ms
284 timing idealTree:node_modules/object-inspect Completed in 0ms
285 silly placeDep ROOT define-data-property@1.1.4 OK for: set-function-length@1.2.2 want: ^1.1.4
286 silly placeDep ROOT gopd@1.0.1 OK for: set-function-length@1.2.2 want: ^1.0.1
287 silly placeDep ROOT has-property-descriptors@1.0.2 OK for: set-function-length@1.2.2 want: ^1.0.2
288 timing idealTree:node_modules/set-function-length Completed in 6ms
289 timing idealTree:node_modules/define-data-property Completed in 1ms
290 timing idealTree:node_modules/gopd Completed in 0ms
291 timing idealTree:node_modules/has-property-descriptors Completed in 0ms
292 timing idealTree:node_modules/statuses Completed in 0ms
293 timing idealTree:node_modules/toidentifier Completed in 0ms
294 silly placeDep ROOT media-typer@0.3.0 OK for: type-is@1.6.18 want: 0.3.0
295 timing idealTree:node_modules/type-is Completed in 1ms
296 timing idealTree:node_modules/media-typer Completed in 0ms
297 timing idealTree:node_modules/unpipe Completed in 0ms
298 timing idealTree:node_modules/utils-merge Completed in 0ms
299 timing idealTree:node_modules/vary Completed in 0ms
300 timing idealTree:node_modules/send/node_modules/encodeurl Completed in 0ms
301 timing idealTree:node_modules/send/node_modules/ms Completed in 0ms
302 timing idealTree:buildDeps Completed in 2309ms
303 timing idealTree:fixDepFlags Completed in 1ms
304 timing idealTree Completed in 2340ms
305 timing reify:loadTrees Completed in 2342ms
306 timing reify:diffTrees Completed in 3ms
307 silly reify moves {}
308 timing reify:retireShallow Completed in 1ms
309 timing reify:createSparse Completed in 25ms
310 timing reify:loadBundles Completed in 0ms
311 silly audit bulk request {
311 silly audit   express: [ '4.21.1' ],
311 silly audit   accepts: [ '1.3.8' ],
311 silly audit   'array-flatten': [ '1.1.1' ],
311 silly audit   'body-parser': [ '1.20.3' ],
311 silly audit   'content-disposition': [ '0.5.4' ],
311 silly audit   'content-type': [ '1.0.5' ],
311 silly audit   cookie: [ '0.7.1' ],
311 silly audit   'cookie-signature': [ '1.0.6' ],
311 silly audit   debug: [ '2.6.9' ],
311 silly audit   depd: [ '2.0.0' ],
311 silly audit   encodeurl: [ '2.0.0', '1.0.2' ],
311 silly audit   'escape-html': [ '1.0.3' ],
311 silly audit   etag: [ '1.8.1' ],
311 silly audit   finalhandler: [ '1.3.1' ],
311 silly audit   fresh: [ '0.5.2' ],
311 silly audit   'http-errors': [ '2.0.0' ],
311 silly audit   'merge-descriptors': [ '1.0.3' ],
311 silly audit   methods: [ '1.1.2' ],
311 silly audit   'on-finished': [ '2.4.1' ],
311 silly audit   parseurl: [ '1.3.3' ],
311 silly audit   'path-to-regexp': [ '0.1.10' ],
311 silly audit   'proxy-addr': [ '2.0.7' ],
311 silly audit   qs: [ '6.13.0' ],
311 silly audit   'range-parser': [ '1.2.1' ],
311 silly audit   'safe-buffer': [ '5.2.1' ],
311 silly audit   send: [ '0.19.0' ],
311 silly audit   'serve-static': [ '1.16.2' ],
311 silly audit   setprototypeof: [ '1.2.0' ],
311 silly audit   statuses: [ '2.0.1' ],
311 silly audit   'type-is': [ '1.6.18' ],
311 silly audit   'utils-merge': [ '1.0.1' ],
311 silly audit   vary: [ '1.1.2' ],
311 silly audit   'mime-types': [ '2.1.35' ],
311 silly audit   negotiator: [ '0.6.3' ],
311 silly audit   bytes: [ '3.1.2' ],
311 silly audit   destroy: [ '1.2.0' ],
311 silly audit   'iconv-lite': [ '0.4.24' ],
311 silly audit   'raw-body': [ '2.5.2' ],
311 silly audit   unpipe: [ '1.0.0' ],
311 silly audit   ms: [ '2.0.0', '2.1.3' ],
311 silly audit   inherits: [ '2.0.4' ],
311 silly audit   toidentifier: [ '1.0.1' ],
311 silly audit   'safer-buffer': [ '2.1.2' ],
311 silly audit   'mime-db': [ '1.52.0' ],
311 silly audit   'ee-first': [ '1.1.1' ],
311 silly audit   forwarded: [ '0.2.0' ],
311 silly audit   'ipaddr.js': [ '1.9.1' ],
311 silly audit   'side-channel': [ '1.0.6' ],
311 silly audit   mime: [ '1.6.0' ],
311 silly audit   'call-bind': [ '1.0.7' ],
311 silly audit   'es-errors': [ '1.3.0' ],
311 silly audit   'get-intrinsic': [ '1.2.4' ],
311 silly audit   'object-inspect': [ '1.13.2' ],
311 silly audit   'es-define-property': [ '1.0.0' ],
311 silly audit   'function-bind': [ '1.1.2' ],
311 silly audit   'set-function-length': [ '1.2.2' ],
311 silly audit   'has-proto': [ '1.0.3' ],
311 silly audit   'has-symbols': [ '1.0.3' ],
311 silly audit   hasown: [ '2.0.2' ],
311 silly audit   'define-data-property': [ '1.1.4' ],
311 silly audit   gopd: [ '1.0.1' ],
311 silly audit   'has-property-descriptors': [ '1.0.2' ],
311 silly audit   'media-typer': [ '0.3.0' ]
311 silly audit }
312 silly tarball no local data for media-typer@https://registry.npmjs.org/media-typer/-/media-typer-0.3.0.tgz. Extracting by manifest.
313 silly tarball no local data for has-property-descriptors@https://registry.npmjs.org/has-property-descriptors/-/has-property-descriptors-1.0.2.tgz. Extracting by manifest.
314 silly tarball no local data for gopd@https://registry.npmjs.org/gopd/-/gopd-1.0.1.tgz. Extracting by manifest.
315 silly tarball no local data for define-data-property@https://registry.npmjs.org/define-data-property/-/define-data-property-1.1.4.tgz. Extracting by manifest.
316 silly tarball no local data for hasown@https://registry.npmjs.org/hasown/-/hasown-2.0.2.tgz. Extracting by manifest.
317 silly tarball no local data for has-symbols@https://registry.npmjs.org/has-symbols/-/has-symbols-1.0.3.tgz. Extracting by manifest.
318 silly tarball no local data for has-proto@https://registry.npmjs.org/has-proto/-/has-proto-1.0.3.tgz. Extracting by manifest.
319 silly tarball no local data for set-function-length@https://registry.npmjs.org/set-function-length/-/set-function-length-1.2.2.tgz. Extracting by manifest.
320 silly tarball no local data for function-bind@https://registry.npmjs.org/function-bind/-/function-bind-1.1.2.tgz. Extracting by manifest.
321 silly tarball no local data for es-define-property@https://registry.npmjs.org/es-define-property/-/es-define-property-1.0.0.tgz. Extracting by manifest.
322 silly tarball no local data for object-inspect@https://registry.npmjs.org/object-inspect/-/object-inspect-1.13.2.tgz. Extracting by manifest.
323 silly tarball no local data for get-intrinsic@https://registry.npmjs.org/get-intrinsic/-/get-intrinsic-1.2.4.tgz. Extracting by manifest.
324 silly tarball no local data for es-errors@https://registry.npmjs.org/es-errors/-/es-errors-1.3.0.tgz. Extracting by manifest.
325 silly tarball no local data for call-bind@https://registry.npmjs.org/call-bind/-/call-bind-1.0.7.tgz. Extracting by manifest.
326 silly tarball no local data for mime@https://registry.npmjs.org/mime/-/mime-1.6.0.tgz. Extracting by manifest.
327 silly tarball no local data for side-channel@https://registry.npmjs.org/side-channel/-/side-channel-1.0.6.tgz. Extracting by manifest.
328 silly tarball no local data for ipaddr.js@https://registry.npmjs.org/ipaddr.js/-/ipaddr.js-1.9.1.tgz. Extracting by manifest.
329 silly tarball no local data for forwarded@https://registry.npmjs.org/forwarded/-/forwarded-0.2.0.tgz. Extracting by manifest.
330 silly tarball no local data for ee-first@https://registry.npmjs.org/ee-first/-/ee-first-1.1.1.tgz. Extracting by manifest.
331 silly tarball no local data for mime-db@https://registry.npmjs.org/mime-db/-/mime-db-1.52.0.tgz. Extracting by manifest.
332 silly tarball no local data for safer-buffer@https://registry.npmjs.org/safer-buffer/-/safer-buffer-2.1.2.tgz. Extracting by manifest.
333 silly tarball no local data for toidentifier@https://registry.npmjs.org/toidentifier/-/toidentifier-1.0.1.tgz. Extracting by manifest.
334 silly tarball no local data for inherits@https://registry.npmjs.org/inherits/-/inherits-2.0.4.tgz. Extracting by manifest.
335 silly tarball no local data for ms@https://registry.npmjs.org/ms/-/ms-2.0.0.tgz. Extracting by manifest.
336 silly tarball no local data for unpipe@https://registry.npmjs.org/unpipe/-/unpipe-1.0.0.tgz. Extracting by manifest.
337 silly tarball no local data for raw-body@https://registry.npmjs.org/raw-body/-/raw-body-2.5.2.tgz. Extracting by manifest.
338 silly tarball no local data for iconv-lite@https://registry.npmjs.org/iconv-lite/-/iconv-lite-0.4.24.tgz. Extracting by manifest.
339 silly tarball no local data for destroy@https://registry.npmjs.org/destroy/-/destroy-1.2.0.tgz. Extracting by manifest.
340 silly tarball no local data for bytes@https://registry.npmjs.org/bytes/-/bytes-3.1.2.tgz. Extracting by manifest.
341 silly tarball no local data for negotiator@https://registry.npmjs.org/negotiator/-/negotiator-0.6.3.tgz. Extracting by manifest.
342 silly tarball no local data for mime-types@https://registry.npmjs.org/mime-types/-/mime-types-2.1.35.tgz. Extracting by manifest.
343 silly tarball no local data for vary@https://registry.npmjs.org/vary/-/vary-1.1.2.tgz. Extracting by manifest.
344 silly tarball no local data for utils-merge@https://registry.npmjs.org/utils-merge/-/utils-merge-1.0.1.tgz. Extracting by manifest.
345 silly tarball no local data for type-is@https://registry.npmjs.org/type-is/-/type-is-1.6.18.tgz. Extracting by manifest.
346 silly tarball no local data for statuses@https://registry.npmjs.org/statuses/-/statuses-2.0.1.tgz. Extracting by manifest.
347 silly tarball no local data for setprototypeof@https://registry.npmjs.org/setprototypeof/-/setprototypeof-1.2.0.tgz. Extracting by manifest.
348 silly tarball no local data for serve-static@https://registry.npmjs.org/serve-static/-/serve-static-1.16.2.tgz. Extracting by manifest.
349 silly tarball no local data for send@https://registry.npmjs.org/send/-/send-0.19.0.tgz. Extracting by manifest.
350 silly tarball no local data for safe-buffer@https://registry.npmjs.org/safe-buffer/-/safe-buffer-5.2.1.tgz. Extracting by manifest.
351 silly tarball no local data for range-parser@https://registry.npmjs.org/range-parser/-/range-parser-1.2.1.tgz. Extracting by manifest.
352 silly tarball no local data for qs@https://registry.npmjs.org/qs/-/qs-6.13.0.tgz. Extracting by manifest.
353 silly tarball no local data for proxy-addr@https://registry.npmjs.org/proxy-addr/-/proxy-addr-2.0.7.tgz. Extracting by manifest.
354 silly tarball no local data for path-to-regexp@https://registry.npmjs.org/path-to-regexp/-/path-to-regexp-0.1.10.tgz. Extracting by manifest.
355 silly tarball no local data for parseurl@https://registry.npmjs.org/parseurl/-/parseurl-1.3.3.tgz. Extracting by manifest.
356 silly tarball no local data for on-finished@https://registry.npmjs.org/on-finished/-/on-finished-2.4.1.tgz. Extracting by manifest.
357 silly tarball no local data for methods@https://registry.npmjs.org/methods/-/methods-1.1.2.tgz. Extracting by manifest.
358 silly tarball no local data for merge-descriptors@https://registry.npmjs.org/merge-descriptors/-/merge-descriptors-1.0.3.tgz. Extracting by manifest.
359 silly tarball no local data for http-errors@https://registry.npmjs.org/http-errors/-/http-errors-2.0.0.tgz. Extracting by manifest.
360 silly tarball no local data for fresh@https://registry.npmjs.org/fresh/-/fresh-0.5.2.tgz. Extracting by manifest.
361 silly tarball no local data for finalhandler@https://registry.npmjs.org/finalhandler/-/finalhandler-1.3.1.tgz. Extracting by manifest.
362 silly tarball no local data for etag@https://registry.npmjs.org/etag/-/etag-1.8.1.tgz. Extracting by manifest.
363 silly tarball no local data for escape-html@https://registry.npmjs.org/escape-html/-/escape-html-1.0.3.tgz. Extracting by manifest.
364 silly tarball no local data for encodeurl@https://registry.npmjs.org/encodeurl/-/encodeurl-2.0.0.tgz. Extracting by manifest.
365 silly tarball no local data for depd@https://registry.npmjs.org/depd/-/depd-2.0.0.tgz. Extracting by manifest.
366 silly tarball no local data for debug@https://registry.npmjs.org/debug/-/debug-2.6.9.tgz. Extracting by manifest.
367 silly tarball no local data for cookie-signature@https://registry.npmjs.org/cookie-signature/-/cookie-signature-1.0.6.tgz. Extracting by manifest.
368 silly tarball no local data for cookie@https://registry.npmjs.org/cookie/-/cookie-0.7.1.tgz. Extracting by manifest.
369 silly tarball no local data for content-type@https://registry.npmjs.org/content-type/-/content-type-1.0.5.tgz. Extracting by manifest.
370 silly tarball no local data for content-disposition@https://registry.npmjs.org/content-disposition/-/content-disposition-0.5.4.tgz. Extracting by manifest.
371 silly tarball no local data for body-parser@https://registry.npmjs.org/body-parser/-/body-parser-1.20.3.tgz. Extracting by manifest.
372 silly tarball no local data for array-flatten@https://registry.npmjs.org/array-flatten/-/array-flatten-1.1.1.tgz. Extracting by manifest.
373 silly tarball no local data for accepts@https://registry.npmjs.org/accepts/-/accepts-1.3.8.tgz. Extracting by manifest.
374 silly tarball no local data for express@https://registry.npmjs.org/express/-/express-4.21.1.tgz. Extracting by manifest.
375 silly tarball no local data for ms@https://registry.npmjs.org/ms/-/ms-2.1.3.tgz. Extracting by manifest.
376 silly tarball no local data for encodeurl@https://registry.npmjs.org/encodeurl/-/encodeurl-1.0.2.tgz. Extracting by manifest.
377 http fetch POST 200 https://registry.npmjs.org/-/npm/v1/security/advisories/bulk 487ms
378 timing auditReport:getReport Completed in 492ms
379 silly audit report {}
380 timing auditReport:init Completed in 0ms
381 timing reify:audit Completed in 494ms
382 http fetch GET 200 https://registry.npmjs.org/hasown/-/hasown-2.0.2.tgz 483ms (cache miss)
383 timing reifyNode:node_modules/hasown Completed in 559ms
384 http fetch GET 200 https://registry.npmjs.org/define-data-property/-/define-data-property-1.1.4.tgz 575ms (cache miss)
385 http fetch GET 200 https://registry.npmjs.org/media-typer/-/media-typer-0.3.0.tgz 580ms (cache miss)
386 timing reifyNode:node_modules/media-typer Completed in 651ms
387 http fetch GET 200 https://registry.npmjs.org/get-intrinsic/-/get-intrinsic-1.2.4.tgz 564ms (cache miss)
388 http fetch GET 200 https://registry.npmjs.org/gopd/-/gopd-1.0.1.tgz 581ms (cache miss)
389 timing reifyNode:node_modules/gopd Completed in 654ms
390 timing reifyNode:node_modules/define-data-property Completed in 734ms
391 timing reifyNode:node_modules/get-intrinsic Completed in 735ms
392 http fetch GET 200 https://registry.npmjs.org/has-proto/-/has-proto-1.0.3.tgz 685ms (cache miss)
393 timing reifyNode:node_modules/has-proto Completed in 762ms
394 http fetch GET 200 https://registry.npmjs.org/call-bind/-/call-bind-1.0.7.tgz 668ms (cache miss)
395 http fetch GET 200 https://registry.npmjs.org/has-symbols/-/has-symbols-1.0.3.tgz 714ms (cache miss)
396 http fetch GET 200 https://registry.npmjs.org/has-property-descriptors/-/has-property-descriptors-1.0.2.tgz 724ms (cache miss)
397 http fetch GET 200 https://registry.npmjs.org/es-define-property/-/es-define-property-1.0.0.tgz 714ms (cache miss)
398 timing reifyNode:node_modules/has-property-descriptors Completed in 827ms
399 http fetch GET 200 https://registry.npmjs.org/forwarded/-/forwarded-0.2.0.tgz 728ms (cache miss)
400 timing reifyNode:node_modules/forwarded Completed in 828ms
401 timing reifyNode:node_modules/call-bind Completed in 877ms
402 http fetch GET 200 https://registry.npmjs.org/mime/-/mime-1.6.0.tgz 782ms (cache miss)
403 http fetch GET 200 https://registry.npmjs.org/ee-first/-/ee-first-1.1.1.tgz 778ms (cache miss)
404 timing reifyNode:node_modules/ee-first Completed in 881ms
405 http fetch GET 200 https://registry.npmjs.org/unpipe/-/unpipe-1.0.0.tgz 771ms (cache miss)
406 timing reifyNode:node_modules/unpipe Completed in 883ms
407 timing reifyNode:node_modules/has-symbols Completed in 907ms
408 http fetch GET 200 https://registry.npmjs.org/set-function-length/-/set-function-length-1.2.2.tgz 827ms (cache miss)
409 timing reifyNode:node_modules/set-function-length Completed in 907ms
410 http fetch GET 200 https://registry.npmjs.org/side-channel/-/side-channel-1.0.6.tgz 810ms (cache miss)
411 timing reifyNode:node_modules/es-define-property Completed in 909ms
412 http fetch GET 200 https://registry.npmjs.org/inherits/-/inherits-2.0.4.tgz 802ms (cache miss)
413 timing reifyNode:node_modules/inherits Completed in 910ms
414 http fetch GET 200 https://registry.npmjs.org/destroy/-/destroy-1.2.0.tgz 796ms (cache miss)
415 timing reifyNode:node_modules/destroy Completed in 911ms
416 http fetch GET 200 https://registry.npmjs.org/ms/-/ms-2.0.0.tgz 822ms (cache miss)
417 timing reifyNode:node_modules/ms Completed in 931ms
418 timing reifyNode:node_modules/mime Completed in 953ms
419 http fetch GET 200 https://registry.npmjs.org/safer-buffer/-/safer-buffer-2.1.2.tgz 848ms (cache miss)
420 timing reifyNode:node_modules/safer-buffer Completed in 953ms
421 http fetch GET 200 https://registry.npmjs.org/toidentifier/-/toidentifier-1.0.1.tgz 848ms (cache miss)
422 timing reifyNode:node_modules/toidentifier Completed in 954ms
423 http fetch GET 200 https://registry.npmjs.org/utils-merge/-/utils-merge-1.0.1.tgz 819ms (cache miss)
424 timing reifyNode:node_modules/utils-merge Completed in 958ms
425 http fetch GET 200 https://registry.npmjs.org/es-errors/-/es-errors-1.3.0.tgz 884ms (cache miss)
426 timing reifyNode:node_modules/side-channel Completed in 974ms
427 http fetch GET 200 https://registry.npmjs.org/bytes/-/bytes-3.1.2.tgz 857ms (cache miss)
428 timing reifyNode:node_modules/bytes Completed in 974ms
429 http fetch GET 200 https://registry.npmjs.org/negotiator/-/negotiator-0.6.3.tgz 857ms (cache miss)
430 http fetch GET 200 https://registry.npmjs.org/safe-buffer/-/safe-buffer-5.2.1.tgz 846ms (cache miss)
431 timing reifyNode:node_modules/safe-buffer Completed in 991ms
432 timing reifyNode:node_modules/es-errors Completed in 1003ms
433 http fetch GET 200 https://registry.npmjs.org/vary/-/vary-1.1.2.tgz 867ms (cache miss)
434 timing reifyNode:node_modules/vary Completed in 1004ms
435 http fetch GET 200 https://registry.npmjs.org/serve-static/-/serve-static-1.16.2.tgz 860ms (cache miss)
436 timing reifyNode:node_modules/serve-static Completed in 1003ms
437 http fetch GET 200 https://registry.npmjs.org/setprototypeof/-/setprototypeof-1.2.0.tgz 862ms (cache miss)
438 timing reifyNode:node_modules/setprototypeof Completed in 1004ms
439 http fetch GET 200 https://registry.npmjs.org/path-to-regexp/-/path-to-regexp-0.1.10.tgz 852ms (cache miss)
440 timing reifyNode:node_modules/path-to-regexp Completed in 1004ms
441 timing reifyNode:node_modules/negotiator Completed in 1016ms
442 http fetch GET 200 https://registry.npmjs.org/mime-db/-/mime-db-1.52.0.tgz 912ms (cache miss)
443 http fetch GET 200 https://registry.npmjs.org/type-is/-/type-is-1.6.18.tgz 877ms (cache miss)
444 timing reifyNode:node_modules/type-is Completed in 1016ms
445 http fetch GET 200 https://registry.npmjs.org/range-parser/-/range-parser-1.2.1.tgz 869ms (cache miss)
446 timing reifyNode:node_modules/range-parser Completed in 1016ms
447 http fetch GET 200 https://registry.npmjs.org/function-bind/-/function-bind-1.1.2.tgz 946ms (cache miss)
448 timing reifyNode:node_modules/function-bind Completed in 1027ms
449 http fetch GET 200 https://registry.npmjs.org/mime-types/-/mime-types-2.1.35.tgz 908ms (cache miss)
450 timing reifyNode:node_modules/mime-types Completed in 1027ms
451 http fetch GET 200 https://registry.npmjs.org/ipaddr.js/-/ipaddr.js-1.9.1.tgz 942ms (cache miss)
452 timing reifyNode:node_modules/ipaddr.js Completed in 1041ms
453 timing reifyNode:node_modules/mime-db Completed in 1042ms
454 http fetch GET 200 https://registry.npmjs.org/on-finished/-/on-finished-2.4.1.tgz 887ms (cache miss)
455 timing reifyNode:node_modules/on-finished Completed in 1043ms
456 http fetch GET 200 https://registry.npmjs.org/merge-descriptors/-/merge-descriptors-1.0.3.tgz 885ms (cache miss)
457 timing reifyNode:node_modules/merge-descriptors Completed in 1043ms
458 http fetch GET 200 https://registry.npmjs.org/etag/-/etag-1.8.1.tgz 877ms (cache miss)
459 timing reifyNode:node_modules/etag Completed in 1049ms
460 http fetch GET 200 https://registry.npmjs.org/encodeurl/-/encodeurl-2.0.0.tgz 875ms (cache miss)
461 timing reifyNode:node_modules/encodeurl Completed in 1050ms
462 http fetch GET 200 https://registry.npmjs.org/raw-body/-/raw-body-2.5.2.tgz 946ms (cache miss)
463 timing reifyNode:node_modules/raw-body Completed in 1058ms
464 http fetch GET 200 https://registry.npmjs.org/methods/-/methods-1.1.2.tgz 902ms (cache miss)
465 timing reifyNode:node_modules/methods Completed in 1058ms
466 http fetch GET 200 https://registry.npmjs.org/fresh/-/fresh-0.5.2.tgz 897ms (cache miss)
467 timing reifyNode:node_modules/fresh Completed in 1058ms
468 http fetch GET 200 https://registry.npmjs.org/http-errors/-/http-errors-2.0.0.tgz 904ms (cache miss)
469 timing reifyNode:node_modules/http-errors Completed in 1063ms
470 http fetch GET 200 https://registry.npmjs.org/finalhandler/-/finalhandler-1.3.1.tgz 893ms (cache miss)
471 timing reifyNode:node_modules/finalhandler Completed in 1064ms
472 http fetch GET 200 https://registry.npmjs.org/cookie/-/cookie-0.7.1.tgz 883ms (cache miss)
473 timing reifyNode:node_modules/cookie Completed in 1064ms
474 http fetch GET 200 https://registry.npmjs.org/content-disposition/-/content-disposition-0.5.4.tgz 880ms (cache miss)
475 timing reifyNode:node_modules/content-disposition Completed in 1065ms
476 http fetch GET 200 https://registry.npmjs.org/escape-html/-/escape-html-1.0.3.tgz 896ms (cache miss)
477 timing reifyNode:node_modules/escape-html Completed in 1070ms
478 http fetch GET 200 https://registry.npmjs.org/cookie-signature/-/cookie-signature-1.0.6.tgz 890ms (cache miss)
479 timing reifyNode:node_modules/cookie-signature Completed in 1071ms
480 http fetch GET 200 https://registry.npmjs.org/content-type/-/content-type-1.0.5.tgz 888ms (cache miss)
481 timing reifyNode:node_modules/content-type Completed in 1071ms
482 http fetch GET 200 https://registry.npmjs.org/statuses/-/statuses-2.0.1.tgz 939ms (cache miss)
483 timing reifyNode:node_modules/statuses Completed in 1081ms
484 http fetch GET 200 https://registry.npmjs.org/array-flatten/-/array-flatten-1.1.1.tgz 897ms (cache miss)
485 timing reifyNode:node_modules/array-flatten Completed in 1085ms
486 http fetch GET 200 https://registry.npmjs.org/ms/-/ms-2.1.3.tgz 882ms (cache miss)
487 timing reifyNode:node_modules/send/node_modules/ms Completed in 1086ms
488 http fetch GET 200 https://registry.npmjs.org/accepts/-/accepts-1.3.8.tgz 897ms (cache miss)
489 timing reifyNode:node_modules/accepts Completed in 1086ms
490 http fetch GET 200 https://registry.npmjs.org/send/-/send-0.19.0.tgz 948ms (cache miss)
491 timing reifyNode:node_modules/send Completed in 1092ms
492 http fetch GET 200 https://registry.npmjs.org/depd/-/depd-2.0.0.tgz 918ms (cache miss)
493 timing reifyNode:node_modules/depd Completed in 1094ms
494 http fetch GET 200 https://registry.npmjs.org/parseurl/-/parseurl-1.3.3.tgz 942ms (cache miss)
495 timing reifyNode:node_modules/parseurl Completed in 1095ms
496 http fetch GET 200 https://registry.npmjs.org/encodeurl/-/encodeurl-1.0.2.tgz 888ms (cache miss)
497 timing reifyNode:node_modules/send/node_modules/encodeurl Completed in 1096ms
498 http fetch GET 200 https://registry.npmjs.org/proxy-addr/-/proxy-addr-2.0.7.tgz 948ms (cache miss)
499 timing reifyNode:node_modules/proxy-addr Completed in 1098ms
500 http fetch GET 200 https://registry.npmjs.org/body-parser/-/body-parser-1.20.3.tgz 916ms (cache miss)
501 timing reifyNode:node_modules/body-parser Completed in 1107ms
502 http fetch GET 200 https://registry.npmjs.org/debug/-/debug-2.6.9.tgz 933ms (cache miss)
503 timing reifyNode:node_modules/debug Completed in 1114ms
504 http fetch GET 200 https://registry.npmjs.org/express/-/express-4.21.1.tgz 931ms (cache miss)
505 timing reifyNode:node_modules/express Completed in 1124ms
506 http fetch GET 200 https://registry.npmjs.org/object-inspect/-/object-inspect-1.13.2.tgz 1045ms (cache miss)
507 timing reifyNode:node_modules/object-inspect Completed in 1130ms
508 http fetch GET 200 https://registry.npmjs.org/iconv-lite/-/iconv-lite-0.4.24.tgz 1032ms (cache miss)
509 timing reifyNode:node_modules/iconv-lite Completed in 1146ms
510 http fetch GET 200 https://registry.npmjs.org/qs/-/qs-6.13.0.tgz 1057ms (cache miss)
511 timing reifyNode:node_modules/qs Completed in 1205ms
512 timing reify:unpack Completed in 1210ms
513 timing reify:unretire Completed in 1ms
514 timing build:queue Completed in 13ms
515 timing build:link:node_modules/mime Completed in 6ms
516 timing build:link Completed in 6ms
517 timing build:deps Completed in 22ms
518 timing build Completed in 24ms
519 timing reify:build Completed in 26ms
520 timing reify:trash Completed in 1ms
521 timing reify:save Completed in 31ms
522 timing reify Completed in 3674ms
523 silly ADD node_modules/media-typer
524 silly ADD node_modules/has-property-descriptors
525 silly ADD node_modules/gopd
526 silly ADD node_modules/define-data-property
527 silly ADD node_modules/hasown
528 silly ADD node_modules/has-symbols
529 silly ADD node_modules/has-proto
530 silly ADD node_modules/set-function-length
531 silly ADD node_modules/function-bind
532 silly ADD node_modules/es-define-property
533 silly ADD node_modules/object-inspect
534 silly ADD node_modules/get-intrinsic
535 silly ADD node_modules/es-errors
536 silly ADD node_modules/call-bind
537 silly ADD node_modules/mime
538 silly ADD node_modules/side-channel
539 silly ADD node_modules/ipaddr.js
540 silly ADD node_modules/forwarded
541 silly ADD node_modules/ee-first
542 silly ADD node_modules/mime-db
543 silly ADD node_modules/safer-buffer
544 silly ADD node_modules/toidentifier
545 silly ADD node_modules/inherits
546 silly ADD node_modules/ms
547 silly ADD node_modules/unpipe
548 silly ADD node_modules/raw-body
549 silly ADD node_modules/iconv-lite
550 silly ADD node_modules/destroy
551 silly ADD node_modules/bytes
552 silly ADD node_modules/negotiator
553 silly ADD node_modules/mime-types
554 silly ADD node_modules/vary
555 silly ADD node_modules/utils-merge
556 silly ADD node_modules/type-is
557 silly ADD node_modules/statuses
558 silly ADD node_modules/setprototypeof
559 silly ADD node_modules/serve-static
560 silly ADD node_modules/send
561 silly ADD node_modules/send/node_modules/ms
562 silly ADD node_modules/send/node_modules/encodeurl
563 silly ADD node_modules/safe-buffer
564 silly ADD node_modules/range-parser
565 silly ADD node_modules/qs
566 silly ADD node_modules/proxy-addr
567 silly ADD node_modules/path-to-regexp
568 silly ADD node_modules/parseurl
569 silly ADD node_modules/on-finished
570 silly ADD node_modules/methods
571 silly ADD node_modules/merge-descriptors
572 silly ADD node_modules/http-errors
573 silly ADD node_modules/fresh
574 silly ADD node_modules/finalhandler
575 silly ADD node_modules/etag
576 silly ADD node_modules/escape-html
577 silly ADD node_modules/encodeurl
578 silly ADD node_modules/depd
579 silly ADD node_modules/debug
580 silly ADD node_modules/cookie-signature
581 silly ADD node_modules/cookie
582 silly ADD node_modules/content-type
583 silly ADD node_modules/content-disposition
584 silly ADD node_modules/body-parser
585 silly ADD node_modules/array-flatten
586 silly ADD node_modules/accepts
587 silly ADD node_modules/express
588 timing command:install Completed in 3690ms
589 verbose exit 0
590 timing npm Completed in 3745ms
591 info ok
